2015-10-07 15:39:51 [scrapy] INFO: Scrapy 1.0.3 started (bot: universities)
2015-10-07 15:39:51 [scrapy] INFO: Optional features available: ssl, http11
2015-10-07 15:39:51 [scrapy] INFO: Overridden settings: {'NEWSPIDER_MODULE': 'universities.spiders', 'SPIDER_MODULES': ['universities.spiders'], 'FEED_URI': 'file:///Users/zobair/Desktop/edu/universities/items/default/entomology/2b87f8ab6d2b11e5a3189cf387be4f4e.jl', 'LOG_FILE': 'logs/default/entomology/2b87f8ab6d2b11e5a3189cf387be4f4e.log', 'BOT_NAME': 'universities'}
2015-10-07 15:39:51 [scrapy] INFO: Enabled extensions: CloseSpider, FeedExporter, TelnetConsole, LogStats, CoreStats, SpiderState
2015-10-07 15:39:51 [scrapy] INFO: Enabled downloader middlewares: HttpAuthMiddleware, DownloadTimeoutMiddleware, UserAgentMiddleware, RetryMiddleware, DefaultHeadersMiddleware, MetaRefreshMiddleware, HttpCompressionMiddleware, RedirectMiddleware, CookiesMiddleware, ChunkedTransferMiddleware, DownloaderStats
2015-10-07 15:39:51 [scrapy] INFO: Enabled spider middlewares: HttpErrorMiddleware, OffsiteMiddleware, RefererMiddleware, UrlLengthMiddleware, DepthMiddleware
2015-10-07 15:39:51 [scrapy] INFO: Enabled item pipelines: 
2015-10-07 15:39:51 [scrapy] INFO: Spider opened
2015-10-07 15:39:51 [scrapy] INFO: Crawled 0 pages (at 0 pages/min), scraped 0 items (at 0 items/min)
2015-10-07 15:39:51 [scrapy] DEBUG: Telnet console listening on 127.0.0.1:6024
2015-10-07 15:39:51 [scrapy] DEBUG: Crawled (200) <GET http://www.ento.vt.edu/people/tenure/index.html> (referer: None)
2015-10-07 15:39:51 [scrapy] DEBUG: Filtered offsite request to 'www.ento.vt.eduhttp': <GET http://www.ento.vt.eduhttp://www.arec.vaes.vt.edu/alson-h-smith/people/bergh/bergh-bio.html>
2015-10-07 15:39:51 [scrapy] DEBUG: Crawled (200) <GET http://www.ento.vt.edu/people/tenure/weaver-michael/index.html> (referer: http://www.ento.vt.edu/people/tenure/index.html)
2015-10-07 15:39:51 [scrapy] DEBUG: Crawled (200) <GET http://www.ento.vt.edu/people/tenure/kuhar-thomas/index.html> (referer: http://www.ento.vt.edu/people/tenure/index.html)
2015-10-07 15:39:51 [scrapy] DEBUG: Crawled (200) <GET http://www.ento.vt.edu/people/tenure/sharakhov-igor/index.html> (referer: http://www.ento.vt.edu/people/tenure/index.html)
2015-10-07 15:39:51 [scrapy] DEBUG: Crawled (200) <GET http://www.ento.vt.edu/people/tenure/marek-paul/index.html> (referer: http://www.ento.vt.edu/people/tenure/index.html)
2015-10-07 15:39:51 [scrapy] DEBUG: Crawled (200) <GET http://www.ento.vt.edu/people/tenure/miller-dini/index.html> (referer: http://www.ento.vt.edu/people/tenure/index.html)
2015-10-07 15:39:51 [scrapy] DEBUG: Crawled (200) <GET http://www.ento.vt.edu/people/tenure/myles-kevin/index.html> (referer: http://www.ento.vt.edu/people/tenure/index.html)
2015-10-07 15:39:51 [scrapy] DEBUG: Crawled (200) <GET http://www.ento.vt.edu/people/tenure/paulson-sally/index.html> (referer: http://www.ento.vt.edu/people/tenure/index.html)
2015-10-07 15:39:51 [scrapy] DEBUG: Crawled (200) <GET http://www.ento.vt.edu/people/tenure/kok-loke/index.html> (referer: http://www.ento.vt.edu/people/tenure/index.html)
2015-10-07 15:39:51 [scrapy] DEBUG: Crawled (200) <GET http://www.ento.vt.edu/people/tenure/salom-scott/index.html> (referer: http://www.ento.vt.edu/people/tenure/index.html)
2015-10-07 15:39:51 [scrapy] DEBUG: Crawled (200) <GET http://www.ento.vt.edu/people/tenure/brewster-carlyle/index.html> (referer: http://www.ento.vt.edu/people/tenure/index.html)
2015-10-07 15:39:51 [scrapy] DEBUG: Crawled (200) <GET http://www.ento.vt.edu/people/tenure/anderson-troy/index.html> (referer: http://www.ento.vt.edu/people/tenure/index.html)
2015-10-07 15:39:51 [scrapy] DEBUG: Crawled (200) <GET http://www.ento.vt.edu/people/tenure/adelman-zach/index.html> (referer: http://www.ento.vt.edu/people/tenure/index.html)
2015-10-07 15:39:51 [scrapy] DEBUG: Crawled (200) <GET http://www.ento.vt.edu/people/tenure/pfeiffer-douglas/index.html> (referer: http://www.ento.vt.edu/people/tenure/index.html)
2015-10-07 15:39:51 [scrapy] DEBUG: Scraped from <200 http://www.ento.vt.edu/people/tenure/weaver-michael/index.html>
{'department': u' Virginia Tech Pesticide Programs 302 Agnew Hall (0409) Blacksburg,  VA  24061 USA',
 'division': 'Agriculture and life science',
 'email': [u'\n\t mweaver@vt.edu'],
 'institution': 'Virginia Tech',
 'name': [u'Michael John Weaver'],
 'phone': u'540-231-6543',
 'title': [u'Professor/Director, VTPP']}
2015-10-07 15:39:51 [scrapy] DEBUG: Scraped from <200 http://www.ento.vt.edu/people/tenure/kuhar-thomas/index.html>
{'department': u' Department of Entomology (MC 0319), Virginia Tech 170 Drillfield Drive Blacksburg,  Virginia  24061 United States',
 'division': 'Agriculture and life science',
 'email': [u'\n     tkuhar@vt.edu'],
 'institution': 'Virginia Tech',
 'name': [u'Thomas P Kuhar'],
 'phone': u'540-231-6129 540-231-6129 \n(Office)',
 'title': [u'\n\tProfessor  ']}
2015-10-07 15:39:51 [scrapy] DEBUG: Scraped from <200 http://www.ento.vt.edu/people/tenure/sharakhov-igor/index.html>
{'department': u'Entomology 203 Fralin Biotechnology Center Blacksburg, VA 24061',
 'division': 'Agriculture and life science',
 'email': [u'\n\t igor@vt.edu'],
 'institution': 'Virginia Tech',
 'name': [u'Igor V Sharakhov'],
 'phone': u'(540) 231-7316',
 'title': [u'Associate Professor']}
2015-10-07 15:39:51 [scrapy] DEBUG: Scraped from <200 http://www.ento.vt.edu/people/tenure/marek-paul/index.html>
{'department': u'503 Latham Hall Virginia Tech Blacksburg, VA 24061 United States',
 'division': 'Agriculture and life science',
 'email': [u'\n     pmarek@vt.edu'],
 'institution': 'Virginia Tech',
 'name': [u'Paul Marek'],
 'phone': u'(540) 231-5653',
 'title': [u'Assistant Professor']}
2015-10-07 15:39:51 [scrapy] DEBUG: Scraped from <200 http://www.ento.vt.edu/people/tenure/miller-dini/index.html>
{'department': u'Entomology Dodson Pest Managment Lab. Blacksburg, VA 24061',
 'division': 'Agriculture and life science',
 'email': [u'\n\t dinim@vt.edu'],
 'institution': 'Virginia Tech',
 'name': [u'Dini Miller'],
 'phone': u'(540) 231-4918',
 'title': [u'Professor']}
2015-10-07 15:39:51 [scrapy] DEBUG: Scraped from <200 http://www.ento.vt.edu/people/tenure/myles-kevin/index.html>
{'department': u'Fralin Life Science Institute 360 West Campus Drive Blacksburg, VA 24061',
 'division': 'Agriculture and life science',
 'email': [u'\n\t mylesk@vt.edu'],
 'institution': 'Virginia Tech',
 'name': [u'Kevin M Myles II'],
 'phone': u'(540) 231-6158',
 'title': [u'Associate Professor']}
2015-10-07 15:39:52 [scrapy] DEBUG: Scraped from <200 http://www.ento.vt.edu/people/tenure/paulson-sally/index.html>
{'department': u'Entomology 211 Price Hall Blacksburg, VA 24061',
 'division': 'Agriculture and life science',
 'email': [u'\n\t spaulson@vt.edu'],
 'institution': 'Virginia Tech',
 'name': [u'Sally L Paulson'],
 'phone': u'(540) 231-8035',
 'title': [u'Assoc Professor']}
2015-10-07 15:39:52 [scrapy] DEBUG: Scraped from <200 http://www.ento.vt.edu/people/tenure/kok-loke/index.html>
{'department': u'Entomology (0319) Price Hall, 216, Virginia Tech 170 Drillfield Dr. Blacksburg, VA 24061',
 'division': 'Agriculture and life science',
 'email': [u'\n     ltkok@vt.edu'],
 'institution': 'Virginia Tech',
 'name': [u'L. T. Kok'],
 'phone': u'(540) 231-6341',
 'title': [u'Professor Emeritus of Entomology']}
2015-10-07 15:39:52 [scrapy] DEBUG: Scraped from <200 http://www.ento.vt.edu/people/tenure/salom-scott/index.html>
{'department': u'Entomology 210 Price Hall Blacksburg, VA 24061',
 'division': 'Agriculture and life science',
 'email': [u'\n\t salom@vt.edu'],
 'institution': 'Virginia Tech',
 'name': [u'Scott Salom'],
 'phone': u'(540) 231-2794',
 'title': [u'Professor']}
2015-10-07 15:39:52 [scrapy] DEBUG: Scraped from <200 http://www.ento.vt.edu/people/tenure/brewster-carlyle/index.html>
{'department': u' Department of Entomology, 202 Price Hall, Virginia Tech, 170 Drillfield Drive Blacksburg,  VA  24061 USA',
 'division': 'Agriculture and life science',
 'email': [u'\n     carlyleb@vt.edu'],
 'institution': 'Virginia Tech',
 'name': [u'Carlyle C Brewster'],
 'phone': u'(540) 231-6826',
 'title': [u'\n\t  ']}
2015-10-07 15:39:52 [scrapy] DEBUG: Scraped from <200 http://www.ento.vt.edu/people/tenure/anderson-troy/index.html>
{'department': u'Entomology 216 Price Hall 170 Drillfield Drive Blacksburg, VA 24061 United States',
 'division': 'Agriculture and life science',
 'email': [u'\n     anderst@vt.edu'],
 'institution': 'Virginia Tech',
 'name': [u'Troy D Anderson'],
 'phone': u'(540) 231-1862',
 'title': [u'\n\tAssistant Professor  ']}
2015-10-07 15:39:52 [scrapy] DEBUG: Scraped from <200 http://www.ento.vt.edu/people/tenure/adelman-zach/index.html>
{'department': u'Department of Entomology 305 Fralin Life Science Institute, Virginia Tech 360 West Campus Dr Blacksburg, VA 24061 United States',
 'division': 'Agriculture and life science',
 'email': [u'\n     zachadel@vt.edu'],
 'institution': 'Virginia Tech',
 'name': [u'Zachary N Adelman'],
 'phone': u'(540) 231-6614',
 'title': [u'Associate Professor']}
2015-10-07 15:39:52 [scrapy] DEBUG: Scraped from <200 http://www.ento.vt.edu/people/tenure/pfeiffer-douglas/index.html>
{'department': u'Entomology 205C Price Hall Blacksburg, VA 24061',
 'division': 'Agriculture and life science',
 'email': [u'\n\t dgpfeiff@vt.edu'],
 'institution': 'Virginia Tech',
 'name': [u'Doug Pfeiffer'],
 'phone': u'(540) 231-4183',
 'title': [u'\n\tProfessor  ']}
2015-10-07 15:39:52 [scrapy] INFO: Closing spider (finished)
2015-10-07 15:39:52 [scrapy] INFO: Stored jsonlines feed (13 items) in: file:///Users/zobair/Desktop/edu/universities/items/default/entomology/2b87f8ab6d2b11e5a3189cf387be4f4e.jl
2015-10-07 15:39:52 [scrapy] INFO: Dumping Scrapy stats:
{'downloader/request_bytes': 4246,
 'downloader/request_count': 14,
 'downloader/request_method_count/GET': 14,
 'downloader/response_bytes': 97931,
 'downloader/response_count': 14,
 'downloader/response_status_count/200': 14,
 'finish_reason': 'finished',
 'finish_time': datetime.datetime(2015, 10, 7, 19, 39, 52, 41747),
 'item_scraped_count': 13,
 'log_count/DEBUG': 29,
 'log_count/INFO': 8,
 'offsite/domains': 1,
 'offsite/filtered': 3,
 'request_depth_max': 1,
 'response_received_count': 14,
 'scheduler/dequeued': 14,
 'scheduler/dequeued/memory': 14,
 'scheduler/enqueued': 14,
 'scheduler/enqueued/memory': 14,
 'start_time': datetime.datetime(2015, 10, 7, 19, 39, 51, 598696)}
2015-10-07 15:39:52 [scrapy] INFO: Spider closed (finished)
